Performing C++ SOURCE FILE Test CMAKE_HAVE_LIBC_PTHREAD failed with the following output:
Change Dir: D:/cppDesign/EasyChat/CMakeFiles/CMakeTmp

Run Build Command(s):D:/VisualStudio/2022/Common7/IDE/CommonExtensions/Microsoft/CMake/Ninja/ninja.exe cmTC_49068 && [1/2] Building CXX object CMakeFiles\cmTC_49068.dir\src.cxx.obj
FAILED: CMakeFiles/cmTC_49068.dir/src.cxx.obj 
D:\VisualStudio\2022\VC\Tools\MSVC\14.35.32215\bin\HostX64\x64\cl.exe  /nologo /TP -DCMAKE_HAVE_LIBC_PTHREAD  -DQT_QML_DEBUG /DWIN32 /D_WINDOWS /W3 /GR /EHsc  /MDd /Zi /Ob0 /Od /RTC1 -std:c++17 /showIncludes /FoCMakeFiles\cmTC_49068.dir\src.cxx.obj /FdCMakeFiles\cmTC_49068.dir\ /FS -c D:\cppDesign\EasyChat\CMakeFiles\CMakeTmp\src.cxx
D:\cppDesign\EasyChat\CMakeFiles\CMakeTmp\src.cxx(1): fatal error C1083: 无法打开包括文件: “pthread.h”: No such file or directory
ninja: build stopped: subcommand failed.


Source file was:
#include <pthread.h>

static void* test_func(void* data)
{
  return data;
}

int main(void)
{
  pthread_t thread;
  pthread_create(&thread, NULL, test_func, NULL);
  pthread_detach(thread);
  pthread_cancel(thread);
  pthread_join(thread, NULL);
  pthread_atfork(NULL, NULL, NULL);
  pthread_exit(NULL);

  return 0;
}

Determining if the function pthread_create exists in the pthreads failed with the following output:
Change Dir: D:/cppDesign/EasyChat/CMakeFiles/CMakeTmp

Run Build Command(s):D:/VisualStudio/2022/Common7/IDE/CommonExtensions/Microsoft/CMake/Ninja/ninja.exe cmTC_8f829 && [1/2] Building CXX object CMakeFiles\cmTC_8f829.dir\CheckFunctionExists.cxx.obj
[2/2] Linking CXX executable cmTC_8f829.exe
FAILED: cmTC_8f829.exe 
cmd.exe /C "cd . && D:\Qt\Tools\CMake_64\bin\cmake.exe -E vs_link_exe --intdir=CMakeFiles\cmTC_8f829.dir --rc="D:\Windows Kits\10\bin\10.0.22000.0\x64\rc.exe" --mt="D:\Windows Kits\10\bin\10.0.22000.0\x64\mt.exe" --manifests  -- D:\VisualStudio\2022\VC\Tools\MSVC\14.35.32215\bin\Hostx64\x64\link.exe /nologo CMakeFiles\cmTC_8f829.dir\CheckFunctionExists.cxx.obj  /out:cmTC_8f829.exe /implib:cmTC_8f829.lib /pdb:cmTC_8f829.pdb /version:0.0 /machine:x64  /debug /INCREMENTAL /subsystem:console  pthreads.lib  kernel32.lib user32.lib gdi32.lib winspool.lib shell32.lib ole32.lib oleaut32.lib uuid.lib comdlg32.lib advapi32.lib && cd ."
LINK Pass 1: command "D:\VisualStudio\2022\VC\Tools\MSVC\14.35.32215\bin\Hostx64\x64\link.exe /nologo CMakeFiles\cmTC_8f829.dir\CheckFunctionExists.cxx.obj /out:cmTC_8f829.exe /implib:cmTC_8f829.lib /pdb:cmTC_8f829.pdb /version:0.0 /machine:x64 /debug /INCREMENTAL /subsystem:console pthreads.lib kernel32.lib user32.lib gdi32.lib winspool.lib shell32.lib ole32.lib oleaut32.lib uuid.lib comdlg32.lib advapi32.lib /MANIFEST /MANIFESTFILE:CMakeFiles\cmTC_8f829.dir/intermediate.manifest CMakeFiles\cmTC_8f829.dir/manifest.res" failed (exit code 1104) with the following output:
LINK : fatal error LNK1104: 无法打开文件“pthreads.lib”
ninja: build stopped: subcommand failed.



Determining if the function pthread_create exists in the pthread failed with the following output:
Change Dir: D:/cppDesign/EasyChat/CMakeFiles/CMakeTmp

Run Build Command(s):D:/VisualStudio/2022/Common7/IDE/CommonExtensions/Microsoft/CMake/Ninja/ninja.exe cmTC_d535a && [1/2] Building CXX object CMakeFiles\cmTC_d535a.dir\CheckFunctionExists.cxx.obj
[2/2] Linking CXX executable cmTC_d535a.exe
FAILED: cmTC_d535a.exe 
cmd.exe /C "cd . && D:\Qt\Tools\CMake_64\bin\cmake.exe -E vs_link_exe --intdir=CMakeFiles\cmTC_d535a.dir --rc="D:\Windows Kits\10\bin\10.0.22000.0\x64\rc.exe" --mt="D:\Windows Kits\10\bin\10.0.22000.0\x64\mt.exe" --manifests  -- D:\VisualStudio\2022\VC\Tools\MSVC\14.35.32215\bin\Hostx64\x64\link.exe /nologo CMakeFiles\cmTC_d535a.dir\CheckFunctionExists.cxx.obj  /out:cmTC_d535a.exe /implib:cmTC_d535a.lib /pdb:cmTC_d535a.pdb /version:0.0 /machine:x64  /debug /INCREMENTAL /subsystem:console  pthread.lib  kernel32.lib user32.lib gdi32.lib winspool.lib shell32.lib ole32.lib oleaut32.lib uuid.lib comdlg32.lib advapi32.lib && cd ."
LINK Pass 1: command "D:\VisualStudio\2022\VC\Tools\MSVC\14.35.32215\bin\Hostx64\x64\link.exe /nologo CMakeFiles\cmTC_d535a.dir\CheckFunctionExists.cxx.obj /out:cmTC_d535a.exe /implib:cmTC_d535a.lib /pdb:cmTC_d535a.pdb /version:0.0 /machine:x64 /debug /INCREMENTAL /subsystem:console pthread.lib kernel32.lib user32.lib gdi32.lib winspool.lib shell32.lib ole32.lib oleaut32.lib uuid.lib comdlg32.lib advapi32.lib /MANIFEST /MANIFESTFILE:CMakeFiles\cmTC_d535a.dir/intermediate.manifest CMakeFiles\cmTC_d535a.dir/manifest.res" failed (exit code 1104) with the following output:
LINK : fatal error LNK1104: 无法打开文件“pthread.lib”
ninja: build stopped: subcommand failed.



